{"/home/hanningtone/Desktop/Microverse/to-do-list-review/tests/test-files/add_and_remove.js": {"path":"/home/hanningtone/Desktop/Microverse/to-do-list-review/tests/test-files/add_and_remove.js","statementMap":{"0":{"start":{"line":1,"column":20},"end":{"line":11,"column":1}},"1":{"start":{"line":2,"column":20},"end":{"line":2,"column":61}},"2":{"start":{"line":3,"column":22},"end":{"line":3,"column":71}},"3":{"start":{"line":4,"column":2},"end":{"line":8,"column":5}},"4":{"start":{"line":9,"column":2},"end":{"line":9,"column":57}},"5":{"start":{"line":10,"column":2},"end":{"line":10,"column":59}},"6":{"start":{"line":13,"column":20},"end":{"line":21,"column":1}},"7":{"start":{"line":14,"column":20},"end":{"line":14,"column":61}},"8":{"start":{"line":15,"column":22},"end":{"line":15,"column":65}},"9":{"start":{"line":15,"column":47},"end":{"line":15,"column":64}},"10":{"start":{"line":16,"column":2},"end":{"line":16,"column":40}},"11":{"start":{"line":17,"column":2},"end":{"line":19,"column":5}},"12":{"start":{"line":18,"column":4},"end":{"line":18,"column":27}},"13":{"start":{"line":20,"column":2},"end":{"line":20,"column":61}},"14":{"start":{"line":23,"column":18},"end":{"line":44,"column":1}},"15":{"start":{"line":24,"column":15},"end":{"line":24,"column":23}},"16":{"start":{"line":25,"column":2},"end":{"line":25,"column":41}},"17":{"start":{"line":26,"column":2},"end":{"line":26,"column":37}},"18":{"start":{"line":27,"column":2},"end":{"line":27,"column":39}},"19":{"start":{"line":28,"column":2},"end":{"line":28,"column":23}},"20":{"start":{"line":29,"column":23},"end":{"line":29,"column":54}},"21":{"start":{"line":30,"column":2},"end":{"line":30,"column":40}},"22":{"start":{"line":31,"column":2},"end":{"line":31,"column":67}},"23":{"start":{"line":32,"column":2},"end":{"line":32,"column":32}},"24":{"start":{"line":34,"column":2},"end":{"line":41,"column":5}},"25":{"start":{"line":35,"column":4},"end":{"line":40,"column":5}},"26":{"start":{"line":36,"column":6},"end":{"line":36,"column":44}},"27":{"start":{"line":37,"column":26},"end":{"line":37,"column":68}},"28":{"start":{"line":37,"column":50},"end":{"line":37,"column":67}},"29":{"start":{"line":38,"column":6},"end":{"line":38,"column":65}},"30":{"start":{"line":39,"column":6},"end":{"line":39,"column":28}},"31":{"start":{"line":43,"column":2},"end":{"line":43,"column":23}},"32":{"start":{"line":46,"column":27},"end":{"line":55,"column":1}},"33":{"start":{"line":47,"column":20},"end":{"line":47,"column":61}},"34":{"start":{"line":48,"column":28},"end":{"line":48,"column":80}},"35":{"start":{"line":48,"column":55},"end":{"line":48,"column":79}},"36":{"start":{"line":49,"column":22},"end":{"line":49,"column":73}},"37":{"start":{"line":49,"column":55},"end":{"line":49,"column":72}},"38":{"start":{"line":51,"column":2},"end":{"line":53,"column":5}},"39":{"start":{"line":52,"column":4},"end":{"line":52,"column":23}},"40":{"start":{"line":54,"column":2},"end":{"line":54,"column":61}},"41":{"start":{"line":57,"column":0},"end":{"line":59,"column":2}}},"fnMap":{"0":{"name":"(anonymous_0)","decl":{"start":{"line":1,"column":20},"end":{"line":1,"column":21}},"loc":{"start":{"line":1,"column":26},"end":{"line":11,"column":1}},"line":1},"1":{"name":"(anonymous_1)","decl":{"start":{"line":13,"column":20},"end":{"line":13,"column":21}},"loc":{"start":{"line":13,"column":30},"end":{"line":21,"column":1}},"line":13},"2":{"name":"(anonymous_2)","decl":{"start":{"line":15,"column":37},"end":{"line":15,"column":38}},"loc":{"start":{"line":15,"column":47},"end":{"line":15,"column":64}},"line":15},"3":{"name":"(anonymous_3)","decl":{"start":{"line":17,"column":22},"end":{"line":17,"column":23}},"loc":{"start":{"line":17,"column":39},"end":{"line":19,"column":3}},"line":17},"4":{"name":"(anonymous_4)","decl":{"start":{"line":23,"column":18},"end":{"line":23,"column":19}},"loc":{"start":{"line":23,"column":84},"end":{"line":44,"column":1}},"line":23},"5":{"name":"(anonymous_5)","decl":{"start":{"line":34,"column":43},"end":{"line":34,"column":44}},"loc":{"start":{"line":34,"column":50},"end":{"line":41,"column":3}},"line":34},"6":{"name":"(anonymous_6)","decl":{"start":{"line":37,"column":40},"end":{"line":37,"column":41}},"loc":{"start":{"line":37,"column":50},"end":{"line":37,"column":67}},"line":37},"7":{"name":"(anonymous_7)","decl":{"start":{"line":46,"column":27},"end":{"line":46,"column":28}},"loc":{"start":{"line":46,"column":33},"end":{"line":55,"column":1}},"line":46},"8":{"name":"(anonymous_8)","decl":{"start":{"line":48,"column":45},"end":{"line":48,"column":46}},"loc":{"start":{"line":48,"column":55},"end":{"line":48,"column":79}},"line":48},"9":{"name":"(anonymous_9)","decl":{"start":{"line":49,"column":45},"end":{"line":49,"column":46}},"loc":{"start":{"line":49,"column":55},"end":{"line":49,"column":72}},"line":49},"10":{"name":"(anonymous_10)","decl":{"start":{"line":51,"column":22},"end":{"line":51,"column":23}},"loc":{"start":{"line":51,"column":39},"end":{"line":53,"column":3}},"line":51}},"branchMap":{"0":{"loc":{"start":{"line":35,"column":4},"end":{"line":40,"column":5}},"type":"if","locations":[{"start":{"line":35,"column":4},"end":{"line":40,"column":5}},{"start":{},"end":{}}],"line":35}},"s":{"0":4,"1":16,"2":16,"3":16,"4":16,"5":16,"6":4,"7":1,"8":1,"9":4,"10":1,"11":1,"12":4,"13":1,"14":4,"15":1,"16":1,"17":1,"18":1,"19":1,"20":1,"21":1,"22":1,"23":1,"24":1,"25":1,"26":1,"27":1,"28":0,"29":1,"30":1,"31":1,"32":4,"33":1,"34":1,"35":8,"36":1,"37":2,"38":1,"39":3,"40":1,"41":4},"f":{"0":16,"1":1,"2":4,"3":4,"4":1,"5":1,"6":0,"7":1,"8":8,"9":2,"10":3},"b":{"0":[1,0]},"_coverageSchema":"1a1c01bbd47fc00a2c39e90264f33305004495a9","hash":"154409e7a395099e7319177be118bd6305b57d59"}
,"/home/hanningtone/Desktop/Microverse/to-do-list-review/tests/test-files/drag.js": {"path":"/home/hanningtone/Desktop/Microverse/to-do-list-review/tests/test-files/drag.js","statementMap":{"0":{"start":{"line":1,"column":22},"end":{"line":1,"column":23}},"1":{"start":{"line":2,"column":25},"end":{"line":2,"column":26}},"2":{"start":{"line":4,"column":19},"end":{"line":7,"column":1}},"3":{"start":{"line":5,"column":2},"end":{"line":5,"column":35}},"4":{"start":{"line":6,"column":2},"end":{"line":6,"column":53}},"5":{"start":{"line":9,"column":18},"end":{"line":12,"column":1}},"6":{"start":{"line":10,"column":2},"end":{"line":10,"column":21}},"7":{"start":{"line":11,"column":2},"end":{"line":11,"column":32}},"8":{"start":{"line":14,"column":14},"end":{"line":25,"column":1}},"9":{"start":{"line":15,"column":20},"end":{"line":15,"column":60}},"10":{"start":{"line":16,"column":2},"end":{"line":16,"column":54}},"11":{"start":{"line":18,"column":2},"end":{"line":20,"column":5}},"12":{"start":{"line":19,"column":4},"end":{"line":19,"column":16}},"13":{"start":{"line":22,"column":2},"end":{"line":22,"column":60}},"14":{"start":{"line":23,"column":2},"end":{"line":23,"column":23}},"15":{"start":{"line":24,"column":2},"end":{"line":24,"column":22}},"16":{"start":{"line":27,"column":0},"end":{"line":27,"column":47}}},"fnMap":{"0":{"name":"(anonymous_0)","decl":{"start":{"line":4,"column":19},"end":{"line":4,"column":20}},"loc":{"start":{"line":4,"column":26},"end":{"line":7,"column":1}},"line":4},"1":{"name":"(anonymous_1)","decl":{"start":{"line":9,"column":18},"end":{"line":9,"column":19}},"loc":{"start":{"line":9,"column":25},"end":{"line":12,"column":1}},"line":9},"2":{"name":"(anonymous_2)","decl":{"start":{"line":14,"column":14},"end":{"line":14,"column":15}},"loc":{"start":{"line":14,"column":43},"end":{"line":25,"column":1}},"line":14},"3":{"name":"(anonymous_3)","decl":{"start":{"line":18,"column":21},"end":{"line":18,"column":22}},"loc":{"start":{"line":18,"column":31},"end":{"line":20,"column":3}},"line":18}},"branchMap":{},"s":{"0":4,"1":4,"2":4,"3":0,"4":0,"5":4,"6":0,"7":0,"8":4,"9":0,"10":0,"11":0,"12":0,"13":0,"14":0,"15":0,"16":4},"f":{"0":0,"1":0,"2":0,"3":0},"b":{},"_coverageSchema":"1a1c01bbd47fc00a2c39e90264f33305004495a9","hash":"d8b5a137be07a1c21a6b56794cb05d2402e118af"}
,"/home/hanningtone/Desktop/Microverse/to-do-list-review/tests/test-files/index.js": {"path":"/home/hanningtone/Desktop/Microverse/to-do-list-review/tests/test-files/index.js","statementMap":{"0":{"start":{"line":1,"column":32},"end":{"line":1,"column":52}},"1":{"start":{"line":2,"column":33},"end":{"line":2,"column":63}},"2":{"start":{"line":3,"column":25},"end":{"line":3,"column":47}},"3":{"start":{"line":5,"column":15},"end":{"line":6,"column":1}},"4":{"start":{"line":9,"column":19},"end":{"line":9,"column":55}},"5":{"start":{"line":10,"column":2},"end":{"line":10,"column":26}},"6":{"start":{"line":12,"column":2},"end":{"line":52,"column":5}},"7":{"start":{"line":13,"column":21},"end":{"line":13,"column":49}},"8":{"start":{"line":14,"column":4},"end":{"line":14,"column":30}},"9":{"start":{"line":15,"column":4},"end":{"line":15,"column":138}},"10":{"start":{"line":16,"column":4},"end":{"line":16,"column":29}},"11":{"start":{"line":18,"column":21},"end":{"line":18,"column":51}},"12":{"start":{"line":19,"column":24},"end":{"line":19,"column":51}},"13":{"start":{"line":20,"column":4},"end":{"line":20,"column":45}},"14":{"start":{"line":21,"column":4},"end":{"line":21,"column":42}},"15":{"start":{"line":22,"column":21},"end":{"line":22,"column":52}},"16":{"start":{"line":23,"column":4},"end":{"line":23,"column":31}},"17":{"start":{"line":24,"column":4},"end":{"line":24,"column":35}},"18":{"start":{"line":25,"column":17},"end":{"line":25,"column":44}},"19":{"start":{"line":26,"column":4},"end":{"line":26,"column":65}},"20":{"start":{"line":27,"column":4},"end":{"line":35,"column":7}},"21":{"start":{"line":28,"column":6},"end":{"line":28,"column":77}},"22":{"start":{"line":29,"column":6},"end":{"line":34,"column":9}},"23":{"start":{"line":30,"column":8},"end":{"line":30,"column":25}},"24":{"start":{"line":31,"column":8},"end":{"line":31,"column":61}},"25":{"start":{"line":32,"column":28},"end":{"line":32,"column":70}},"26":{"start":{"line":32,"column":52},"end":{"line":32,"column":69}},"27":{"start":{"line":33,"column":8},"end":{"line":33,"column":30}},"28":{"start":{"line":36,"column":4},"end":{"line":36,"column":43}},"29":{"start":{"line":38,"column":4},"end":{"line":38,"column":36}},"30":{"start":{"line":39,"column":4},"end":{"line":39,"column":30}},"31":{"start":{"line":41,"column":4},"end":{"line":41,"column":52}},"32":{"start":{"line":42,"column":4},"end":{"line":42,"column":54}},"33":{"start":{"line":44,"column":4},"end":{"line":47,"column":5}},"34":{"start":{"line":45,"column":6},"end":{"line":45,"column":56}},"35":{"start":{"line":46,"column":6},"end":{"line":46,"column":30}},"36":{"start":{"line":49,"column":4},"end":{"line":51,"column":7}},"37":{"start":{"line":50,"column":6},"end":{"line":50,"column":48}},"38":{"start":{"line":55,"column":0},"end":{"line":55,"column":30}}},"fnMap":{"0":{"name":"populate","decl":{"start":{"line":8,"column":9},"end":{"line":8,"column":17}},"loc":{"start":{"line":8,"column":25},"end":{"line":53,"column":1}},"line":8},"1":{"name":"(anonymous_1)","decl":{"start":{"line":12,"column":16},"end":{"line":12,"column":17}},"loc":{"start":{"line":12,"column":26},"end":{"line":52,"column":3}},"line":12},"2":{"name":"(anonymous_2)","decl":{"start":{"line":27,"column":35},"end":{"line":27,"column":36}},"loc":{"start":{"line":27,"column":42},"end":{"line":35,"column":5}},"line":27},"3":{"name":"(anonymous_3)","decl":{"start":{"line":29,"column":37},"end":{"line":29,"column":38}},"loc":{"start":{"line":29,"column":43},"end":{"line":34,"column":7}},"line":29},"4":{"name":"(anonymous_4)","decl":{"start":{"line":32,"column":42},"end":{"line":32,"column":43}},"loc":{"start":{"line":32,"column":52},"end":{"line":32,"column":69}},"line":32},"5":{"name":"(anonymous_5)","decl":{"start":{"line":49,"column":40},"end":{"line":49,"column":41}},"loc":{"start":{"line":49,"column":46},"end":{"line":51,"column":5}},"line":49}},"branchMap":{"0":{"loc":{"start":{"line":44,"column":4},"end":{"line":47,"column":5}},"type":"if","locations":[{"start":{"line":44,"column":4},"end":{"line":47,"column":5}},{"start":{},"end":{}}],"line":44}},"s":{"0":4,"1":4,"2":4,"3":4,"4":9,"5":9,"6":9,"7":25,"8":25,"9":25,"10":25,"11":25,"12":25,"13":25,"14":25,"15":25,"16":25,"17":25,"18":25,"19":25,"20":25,"21":0,"22":0,"23":0,"24":0,"25":0,"26":0,"27":0,"28":25,"29":25,"30":25,"31":25,"32":25,"33":25,"34":5,"35":5,"36":25,"37":0,"38":4},"f":{"0":9,"1":25,"2":0,"3":0,"4":0,"5":0},"b":{"0":[5,20]},"_coverageSchema":"1a1c01bbd47fc00a2c39e90264f33305004495a9","hash":"e75b64b0d0944ce188d1680e1e1e38345a168c03"}
,"/home/hanningtone/Desktop/Microverse/to-do-list-review/tests/test-files/status.js": {"path":"/home/hanningtone/Desktop/Microverse/to-do-list-review/tests/test-files/status.js","statementMap":{"0":{"start":{"line":1,"column":22},"end":{"line":14,"column":1}},"1":{"start":{"line":2,"column":19},"end":{"line":2,"column":60}},"2":{"start":{"line":3,"column":22},"end":{"line":3,"column":66}},"3":{"start":{"line":3,"column":43},"end":{"line":3,"column":65}},"4":{"start":{"line":4,"column":2},"end":{"line":4,"column":41}},"5":{"start":{"line":5,"column":2},"end":{"line":5,"column":45}},"6":{"start":{"line":6,"column":2},"end":{"line":12,"column":3}},"7":{"start":{"line":7,"column":4},"end":{"line":7,"column":26}},"8":{"start":{"line":8,"column":4},"end":{"line":8,"column":33}},"9":{"start":{"line":10,"column":4},"end":{"line":10,"column":27}},"10":{"start":{"line":11,"column":4},"end":{"line":11,"column":34}},"11":{"start":{"line":13,"column":2},"end":{"line":13,"column":58}},"12":{"start":{"line":16,"column":0},"end":{"line":16,"column":34}}},"fnMap":{"0":{"name":"(anonymous_0)","decl":{"start":{"line":1,"column":22},"end":{"line":1,"column":23}},"loc":{"start":{"line":1,"column":55},"end":{"line":14,"column":1}},"line":1},"1":{"name":"(anonymous_1)","decl":{"start":{"line":3,"column":36},"end":{"line":3,"column":37}},"loc":{"start":{"line":3,"column":43},"end":{"line":3,"column":65}},"line":3}},"branchMap":{"0":{"loc":{"start":{"line":6,"column":2},"end":{"line":12,"column":3}},"type":"if","locations":[{"start":{"line":6,"column":2},"end":{"line":12,"column":3}},{"start":{"line":9,"column":9},"end":{"line":12,"column":3}}],"line":6}},"s":{"0":4,"1":3,"2":3,"3":3,"4":3,"5":3,"6":3,"7":2,"8":2,"9":1,"10":1,"11":3,"12":4},"f":{"0":3,"1":3},"b":{"0":[2,1]},"_coverageSchema":"1a1c01bbd47fc00a2c39e90264f33305004495a9","hash":"abbdb6a0b6e0f0959e2d15acbefc462cf0b7bb57"}
}
