TN:
SF:tests/test-files/add_and_remove.js
FN:1,(anonymous_0)
FN:13,(anonymous_1)
FN:15,(anonymous_2)
FN:17,(anonymous_3)
FN:23,(anonymous_4)
FN:34,(anonymous_5)
FN:37,(anonymous_6)
FN:46,(anonymous_7)
FN:48,(anonymous_8)
FN:49,(anonymous_9)
FN:51,(anonymous_10)
FNF:11
FNH:10
FNDA:16,(anonymous_0)
FNDA:1,(anonymous_1)
FNDA:4,(anonymous_2)
FNDA:4,(anonymous_3)
FNDA:1,(anonymous_4)
FNDA:1,(anonymous_5)
FNDA:0,(anonymous_6)
FNDA:1,(anonymous_7)
FNDA:8,(anonymous_8)
FNDA:2,(anonymous_9)
FNDA:3,(anonymous_10)
DA:1,4
DA:2,16
DA:3,16
DA:4,16
DA:9,16
DA:10,16
DA:13,4
DA:14,1
DA:15,4
DA:16,1
DA:17,1
DA:18,4
DA:20,1
DA:23,4
DA:24,1
DA:25,1
DA:26,1
DA:27,1
DA:28,1
DA:29,1
DA:30,1
DA:31,1
DA:32,1
DA:34,1
DA:35,1
DA:36,1
DA:37,1
DA:38,1
DA:39,1
DA:43,1
DA:46,4
DA:47,1
DA:48,8
DA:49,2
DA:51,1
DA:52,3
DA:54,1
DA:57,4
LF:38
LH:38
BRDA:35,0,0,1
BRDA:35,0,1,0
BRF:2
BRH:1
end_of_record
TN:
SF:tests/test-files/drag.js
FN:4,(anonymous_0)
FN:9,(anonymous_1)
FN:14,(anonymous_2)
FN:18,(anonymous_3)
FNF:4
FNH:0
FNDA:0,(anonymous_0)
FNDA:0,(anonymous_1)
FNDA:0,(anonymous_2)
FNDA:0,(anonymous_3)
DA:1,4
DA:2,4
DA:4,4
DA:5,0
DA:6,0
DA:9,4
DA:10,0
DA:11,0
DA:14,4
DA:15,0
DA:16,0
DA:18,0
DA:19,0
DA:22,0
DA:23,0
DA:24,0
DA:27,4
LF:17
LH:6
BRF:0
BRH:0
end_of_record
TN:
SF:tests/test-files/index.js
FN:8,populate
FN:12,(anonymous_1)
FN:27,(anonymous_2)
FN:29,(anonymous_3)
FN:32,(anonymous_4)
FN:49,(anonymous_5)
FNF:6
FNH:2
FNDA:9,populate
FNDA:25,(anonymous_1)
FNDA:0,(anonymous_2)
FNDA:0,(anonymous_3)
FNDA:0,(anonymous_4)
FNDA:0,(anonymous_5)
DA:1,4
DA:2,4
DA:3,4
DA:5,4
DA:9,9
DA:10,9
DA:12,9
DA:13,25
DA:14,25
DA:15,25
DA:16,25
DA:18,25
DA:19,25
DA:20,25
DA:21,25
DA:22,25
DA:23,25
DA:24,25
DA:25,25
DA:26,25
DA:27,25
DA:28,0
DA:29,0
DA:30,0
DA:31,0
DA:32,0
DA:33,0
DA:36,25
DA:38,25
DA:39,25
DA:41,25
DA:42,25
DA:44,25
DA:45,5
DA:46,5
DA:49,25
DA:50,0
DA:55,4
LF:38
LH:31
BRDA:44,0,0,5
BRDA:44,0,1,20
BRF:2
BRH:2
end_of_record
TN:
SF:tests/test-files/status.js
FN:1,(anonymous_0)
FN:3,(anonymous_1)
FNF:2
FNH:2
FNDA:3,(anonymous_0)
FNDA:3,(anonymous_1)
DA:1,4
DA:2,3
DA:3,3
DA:4,3
DA:5,3
DA:6,3
DA:7,2
DA:8,2
DA:10,1
DA:11,1
DA:13,3
DA:16,4
LF:12
LH:12
BRDA:6,0,0,2
BRDA:6,0,1,1
BRF:2
BRH:2
end_of_record
